Traceback (most recent call last):
  File "/opt/hostedtoolcache/Python/3.9.14/x64/lib/python3.9/site-packages/jupyter_cache/executors/utils.py", line 51, in single_nb_execution
    executenb(
  File "/opt/hostedtoolcache/Python/3.9.14/x64/lib/python3.9/site-packages/nbclient/client.py", line 1204, in execute
    return NotebookClient(nb=nb, resources=resources, km=km, **kwargs).execute()
  File "/opt/hostedtoolcache/Python/3.9.14/x64/lib/python3.9/site-packages/nbclient/util.py", line 84, in wrapped
    return just_run(coro(*args, **kwargs))
  File "/opt/hostedtoolcache/Python/3.9.14/x64/lib/python3.9/site-packages/nbclient/util.py", line 62, in just_run
    return loop.run_until_complete(coro)
  File "/opt/hostedtoolcache/Python/3.9.14/x64/lib/python3.9/asyncio/base_events.py", line 647, in run_until_complete
    return future.result()
  File "/opt/hostedtoolcache/Python/3.9.14/x64/lib/python3.9/site-packages/nbclient/client.py", line 663, in async_execute
    await self.async_execute_cell(
  File "/opt/hostedtoolcache/Python/3.9.14/x64/lib/python3.9/site-packages/nbclient/client.py", line 965, in async_execute_cell
    await self._check_raise_for_error(cell, cell_index, exec_reply)
  File "/opt/hostedtoolcache/Python/3.9.14/x64/lib/python3.9/site-packages/nbclient/client.py", line 862, in _check_raise_for_error
    raise CellExecutionError.from_cell_and_msg(cell, exec_reply_content)
nbclient.exceptions.CellExecutionError: An error occurred while executing the following cell:
------------------
from policyengine_core.country_template import Microsimulation

sim = Microsimulation()

sim.calculate("income_tax", "2022-01").sum()/1e6
------------------

[0;31m---------------------------------------------------------------------------[0m
[0;31mAttributeError[0m                            Traceback (most recent call last)
Cell [0;32mIn [2], line 3[0m
[1;32m      1[0m [38;5;28;01mfrom[39;00m [38;5;21;01mpolicyengine_core[39;00m[38;5;21;01m.[39;00m[38;5;21;01mcountry_template[39;00m [38;5;28;01mimport[39;00m Microsimulation
[0;32m----> 3[0m sim [38;5;241m=[39m [43mMicrosimulation[49m[43m([49m[43m)[49m
[1;32m      5[0m sim[38;5;241m.[39mcalculate([38;5;124m"[39m[38;5;124mincome_tax[39m[38;5;124m"[39m, [38;5;124m"[39m[38;5;124m2022-01[39m[38;5;124m"[39m)[38;5;241m.[39msum()[38;5;241m/[39m[38;5;241m1e6[39m

File [0;32m~/work/policyengine-core/policyengine-core/policyengine_core/country_template/__init__.py:78[0m, in [0;36mMicrosimulation.__init__[0;34m(self, tax_benefit_system, dataset, dataset_options, *args, **kwargs)[0m
[1;32m     75[0m [38;5;28;01mif[39;00m dataset [38;5;129;01mis[39;00m [38;5;28;01mNone[39;00m:
[1;32m     76[0m     dataset [38;5;241m=[39m CountryTemplateDataset
[0;32m---> 78[0m [38;5;28;01mif[39;00m [38;5;129;01mnot[39;00m [43mdataset[49m[38;5;241;43m.[39;49m[43mexists[49m[43m([49m[43mdataset_options[49m[43m)[49m:
[1;32m     79[0m     [38;5;66;03m# Build the dataset if it doesn't exist. A country package might not want to do this: for example,[39;00m
[1;32m     80[0m     [38;5;66;03m# you might want to throw an exception instead.[39;00m
[1;32m     81[0m     dataset()[38;5;241m.[39mbuild(dataset_options)
[1;32m     83[0m [38;5;28msuper[39m()[38;5;241m.[39m[38;5;21m__init__[39m(
[1;32m     84[0m     [38;5;241m*[39margs,
[1;32m     85[0m     tax_benefit_system[38;5;241m=[39mtax_benefit_system,
[1;32m     86[0m     dataset[38;5;241m=[39mdataset,
[1;32m     87[0m     [38;5;241m*[39m[38;5;241m*[39mkwargs,
[1;32m     88[0m )

File [0;32m~/work/policyengine-core/policyengine-core/policyengine_core/data/dataset.py:63[0m, in [0;36mDataset.exists[0;34m(self, options)[0m
[1;32m     54[0m [38;5;28;01mdef[39;00m [38;5;21mexists[39m([38;5;28mself[39m, options: [38;5;28mdict[39m [38;5;241m=[39m [38;5;28;01mNone[39;00m) [38;5;241m-[39m[38;5;241m>[39m [38;5;28mbool[39m:
[1;32m     55[0m     [38;5;124;03m"""Checks if the microdata file exists.[39;00m
[1;32m     56[0m 
[1;32m     57[0m [38;5;124;03m    Args:[39;00m
[0;32m   (...)[0m
[1;32m     61[0m [38;5;124;03m        bool: True if the file exists, False otherwise.[39;00m
[1;32m     62[0m [38;5;124;03m    """[39;00m
[0;32m---> 63[0m     file_path [38;5;241m=[39m [38;5;28;43mself[39;49m[38;5;241;43m.[39;49m[43mget_file_path[49m(options)
[1;32m     64[0m     [38;5;28;01mreturn[39;00m file_path[38;5;241m.[39mexists()

[0;31mAttributeError[0m: 'NoneType' object has no attribute 'get_file_path'
AttributeError: 'NoneType' object has no attribute 'get_file_path'

